mode: set
lazytmux/main.go:14.13,17.16 2 0
lazytmux/main.go:17.16,21.3 3 0
lazytmux/main.go:24.2,28.16 4 0
lazytmux/main.go:28.16,31.3 2 0
lazytmux/main.go:34.2,34.40 1 0
lazytmux/main.go:34.40,35.56 1 0
lazytmux/main.go:35.56,38.18 2 0
lazytmux/main.go:38.18,41.5 2 0
lazytmux/internal/tmux/client.go:19.35,21.16 2 1
lazytmux/internal/tmux/client.go:21.16,23.3 1 0
lazytmux/internal/tmux/client.go:24.2,24.37 1 1
lazytmux/internal/tmux/client.go:28.58,35.16 6 1
lazytmux/internal/tmux/client.go:35.16,38.50 2 1
lazytmux/internal/tmux/client.go:38.50,40.4 1 1
lazytmux/internal/tmux/client.go:41.3,41.69 1 0
lazytmux/internal/tmux/client.go:43.2,43.29 1 1
lazytmux/internal/tmux/client.go:47.41,50.2 2 1
lazytmux/internal/tmux/parser.go:10.54,14.29 3 1
lazytmux/internal/tmux/parser.go:14.29,15.17 1 1
lazytmux/internal/tmux/parser.go:15.17,16.12 1 1
lazytmux/internal/tmux/parser.go:18.3,19.21 2 1
lazytmux/internal/tmux/parser.go:19.21,20.12 1 1
lazytmux/internal/tmux/parser.go:23.3,32.5 4 1
lazytmux/internal/tmux/parser.go:34.2,34.22 1 1
lazytmux/internal/tmux/parser.go:38.65,42.29 3 1
lazytmux/internal/tmux/parser.go:42.29,43.17 1 1
lazytmux/internal/tmux/parser.go:43.17,44.12 1 1
lazytmux/internal/tmux/parser.go:46.3,47.21 2 1
lazytmux/internal/tmux/parser.go:47.21,48.12 1 1
lazytmux/internal/tmux/parser.go:51.3,62.5 4 1
lazytmux/internal/tmux/parser.go:64.2,64.21 1 1
lazytmux/internal/tmux/parser.go:68.48,72.29 3 1
lazytmux/internal/tmux/parser.go:72.29,73.17 1 1
lazytmux/internal/tmux/parser.go:73.17,74.12 1 1
lazytmux/internal/tmux/parser.go:76.3,77.21 2 1
lazytmux/internal/tmux/parser.go:77.21,78.12 1 1
lazytmux/internal/tmux/parser.go:81.3,96.5 7 1
lazytmux/internal/tmux/parser.go:98.2,98.19 1 1
lazytmux/internal/tmux/session.go:4.52,7.16 3 0
lazytmux/internal/tmux/session.go:7.16,8.25 1 0
lazytmux/internal/tmux/session.go:8.25,10.4 1 0
lazytmux/internal/tmux/session.go:11.3,11.18 1 0
lazytmux/internal/tmux/session.go:13.2,13.30 1 0
lazytmux/internal/tmux/session.go:17.51,20.2 2 0
lazytmux/internal/tmux/session.go:23.49,26.2 2 0
lazytmux/internal/tmux/session.go:29.63,32.2 2 0
lazytmux/internal/tmux/session.go:35.54,37.2 1 0
lazytmux/internal/tmux/session.go:40.57,43.2 2 0
lazytmux/internal/tmux/session.go:46.39,49.2 2 0
lazytmux/internal/tmux/window.go:6.68,9.16 3 0
lazytmux/internal/tmux/window.go:9.16,11.3 1 0
lazytmux/internal/tmux/window.go:12.2,12.42 1 0
lazytmux/internal/tmux/window.go:16.69,18.22 2 0
lazytmux/internal/tmux/window.go:18.22,20.3 1 0
lazytmux/internal/tmux/window.go:21.2,22.12 2 0
lazytmux/internal/tmux/window.go:26.72,30.2 3 0
lazytmux/internal/tmux/window.go:33.74,37.2 3 0
lazytmux/internal/tmux/window.go:40.90,44.2 3 0
lazytmux/internal/tmux/window.go:47.81,51.2 3 0
lazytmux/internal/tmux/window.go:54.83,58.2 3 0
lazytmux/internal/tmux/window.go:61.81,65.16 4 0
lazytmux/internal/tmux/window.go:65.16,67.3 1 0
lazytmux/internal/tmux/window.go:68.2,68.27 1 0
lazytmux/internal/config/options.go:4.33,289.2 1 1
lazytmux/internal/config/options.go:292.40,294.38 2 1
lazytmux/internal/config/options.go:294.38,295.35 1 1
lazytmux/internal/config/options.go:295.35,297.4 1 1
lazytmux/internal/config/options.go:299.2,299.15 1 1
lazytmux/internal/config/options.go:303.43,307.2 3 1
lazytmux/internal/config/parser.go:12.26,14.16 2 1
lazytmux/internal/config/parser.go:14.16,16.3 1 0
lazytmux/internal/config/parser.go:17.2,17.42 1 1
lazytmux/internal/config/parser.go:21.47,25.24 3 1
lazytmux/internal/config/parser.go:25.24,28.3 1 1
lazytmux/internal/config/parser.go:29.2,29.16 1 1
lazytmux/internal/config/parser.go:29.16,31.3 1 0
lazytmux/internal/config/parser.go:32.2,47.21 8 1
lazytmux/internal/config/parser.go:47.21,54.55 4 1
lazytmux/internal/config/parser.go:54.55,55.12 1 1
lazytmux/internal/config/parser.go:59.3,59.66 1 1
lazytmux/internal/config/parser.go:59.66,63.42 3 1
lazytmux/internal/config/parser.go:63.42,65.5 1 1
lazytmux/internal/config/parser.go:65.10,72.5 1 0
lazytmux/internal/config/parser.go:73.4,73.12 1 1
lazytmux/internal/config/parser.go:77.3,77.73 1 1
lazytmux/internal/config/parser.go:77.73,81.35 3 1
lazytmux/internal/config/parser.go:81.35,82.34 1 1
lazytmux/internal/config/parser.go:82.34,83.22 1 1
lazytmux/internal/config/parser.go:83.22,85.12 2 1
lazytmux/internal/config/parser.go:89.4,89.12 1 1
lazytmux/internal/config/parser.go:93.3,93.28 1 1
lazytmux/internal/config/parser.go:93.28,94.12 1 1
lazytmux/internal/config/parser.go:98.3,98.81 1 1
lazytmux/internal/config/parser.go:98.81,99.12 1 1
lazytmux/internal/config/parser.go:102.3,104.69 2 1
lazytmux/internal/config/parser.go:104.69,107.4 2 1
lazytmux/internal/config/parser.go:107.9,107.76 1 1
lazytmux/internal/config/parser.go:107.76,110.4 2 1
lazytmux/internal/config/parser.go:112.3,112.16 1 1
lazytmux/internal/config/parser.go:112.16,114.39 1 1
lazytmux/internal/config/parser.go:114.39,120.5 1 1
lazytmux/internal/config/parser.go:124.2,124.38 1 1
lazytmux/internal/config/parser.go:124.38,126.3 1 0
lazytmux/internal/config/parser.go:128.2,128.17 1 1
lazytmux/internal/config/parser.go:132.37,136.79 2 1
lazytmux/internal/config/parser.go:136.79,138.3 1 1
lazytmux/internal/config/parser.go:141.2,141.39 1 1
lazytmux/internal/config/parser.go:141.39,143.3 1 1
lazytmux/internal/config/parser.go:146.2,146.87 1 1
lazytmux/internal/config/parser.go:146.87,148.3 1 1
lazytmux/internal/config/parser.go:150.2,150.14 1 1
lazytmux/internal/config/parser.go:154.38,158.21 2 1
lazytmux/internal/config/parser.go:158.21,160.54 1 1
lazytmux/internal/config/parser.go:160.54,162.4 1 1
lazytmux/internal/config/parser.go:167.2,167.50 1 1
lazytmux/internal/config/parser.go:167.50,169.3 1 1
lazytmux/internal/config/parser.go:171.2,171.14 1 1
lazytmux/internal/config/parser.go:175.35,178.2 2 1
lazytmux/internal/config/plugins.go:35.28,230.2 1 1
lazytmux/internal/config/plugins.go:233.44,234.33 1 1
lazytmux/internal/config/plugins.go:234.33,235.21 1 1
lazytmux/internal/config/plugins.go:235.21,237.4 1 1
lazytmux/internal/config/plugins.go:239.2,239.24 1 1
lazytmux/internal/config/plugins.go:243.30,245.2 1 1
lazytmux/internal/config/plugins.go:248.26,250.2 1 1
lazytmux/internal/config/types.go:63.37,73.40 2 1
lazytmux/internal/config/types.go:73.40,79.3 1 1
lazytmux/internal/config/types.go:82.2,82.33 1 1
lazytmux/internal/config/types.go:82.33,89.32 2 1
lazytmux/internal/config/types.go:89.32,91.4 1 1
lazytmux/internal/config/types.go:94.2,94.12 1 1
lazytmux/internal/config/types.go:98.46,99.34 1 1
lazytmux/internal/config/types.go:99.34,101.3 1 1
lazytmux/internal/config/types.go:102.2,102.11 1 1
lazytmux/internal/config/types.go:106.46,113.2 1 1
lazytmux/internal/config/types.go:116.36,117.29 1 1
lazytmux/internal/config/types.go:117.29,118.17 1 1
lazytmux/internal/config/types.go:118.17,120.4 1 1
lazytmux/internal/config/types.go:123.2,123.29 1 1
lazytmux/internal/config/types.go:127.36,128.40 1 1
lazytmux/internal/config/types.go:128.40,135.3 1 1
lazytmux/internal/config/types.go:139.52,140.34 1 1
lazytmux/internal/config/types.go:140.34,142.3 1 1
lazytmux/internal/config/types.go:143.2,143.14 1 0
lazytmux/internal/config/types.go:147.62,148.34 1 1
lazytmux/internal/config/types.go:148.34,150.3 1 1
lazytmux/internal/config/types.go:150.8,156.3 1 1
lazytmux/internal/config/types.go:160.60,161.34 1 1
lazytmux/internal/config/types.go:161.34,162.35 1 1
lazytmux/internal/config/types.go:162.35,164.4 1 1
lazytmux/internal/config/types.go:167.2,167.39 1 1
lazytmux/internal/config/types.go:167.39,168.37 1 0
lazytmux/internal/config/types.go:168.37,169.20 1 0
lazytmux/internal/config/types.go:169.20,171.5 1 0
lazytmux/internal/config/types.go:174.2,174.11 1 1
lazytmux/internal/config/types.go:178.60,179.34 1 1
lazytmux/internal/config/types.go:179.34,181.3 1 1
lazytmux/internal/config/types.go:185.42,187.37 1 1
lazytmux/internal/config/types.go:187.37,190.38 2 1
lazytmux/internal/config/types.go:190.38,191.38 1 0
lazytmux/internal/config/types.go:191.38,193.10 2 0
lazytmux/internal/config/types.go:196.3,196.29 1 1
lazytmux/internal/config/types.go:196.29,198.4 1 1
lazytmux/internal/config/types.go:200.2,200.14 1 1
lazytmux/internal/config/types.go:204.49,206.2 1 1
lazytmux/internal/config/types.go:209.39,211.33 1 1
lazytmux/internal/config/types.go:211.33,214.3 2 1
lazytmux/internal/config/types.go:217.2,218.37 2 1
lazytmux/internal/config/types.go:218.37,219.20 1 1
lazytmux/internal/config/types.go:219.20,221.4 1 1
lazytmux/internal/config/writer.go:11.36,31.36 13 1
lazytmux/internal/config/writer.go:31.36,35.55 2 1
lazytmux/internal/config/writer.go:35.55,37.12 2 1
lazytmux/internal/config/writer.go:41.3,41.66 1 1
lazytmux/internal/config/writer.go:41.66,45.59 3 1
lazytmux/internal/config/writer.go:45.59,47.5 1 1
lazytmux/internal/config/writer.go:48.4,48.12 1 1
lazytmux/internal/config/writer.go:52.3,52.73 1 1
lazytmux/internal/config/writer.go:52.73,57.35 4 0
lazytmux/internal/config/writer.go:57.35,58.62 1 0
lazytmux/internal/config/writer.go:58.62,59.35 1 0
lazytmux/internal/config/writer.go:59.35,60.30 1 0
lazytmux/internal/config/writer.go:60.30,65.13 5 0
lazytmux/internal/config/writer.go:69.5,69.23 1 0
lazytmux/internal/config/writer.go:69.23,70.11 1 0
lazytmux/internal/config/writer.go:74.4,74.12 1 0
lazytmux/internal/config/writer.go:78.3,78.36 1 1
lazytmux/internal/config/writer.go:78.36,81.12 3 1
lazytmux/internal/config/writer.go:85.3,88.69 3 1
lazytmux/internal/config/writer.go:88.69,91.35 2 1
lazytmux/internal/config/writer.go:91.35,92.13 1 0
lazytmux/internal/config/writer.go:94.4,94.54 1 1
lazytmux/internal/config/writer.go:94.54,95.40 1 1
lazytmux/internal/config/writer.go:95.40,97.6 1 1
lazytmux/internal/config/writer.go:99.9,99.76 1 0
lazytmux/internal/config/writer.go:99.76,101.54 2 0
lazytmux/internal/config/writer.go:101.54,102.40 1 0
lazytmux/internal/config/writer.go:102.40,104.6 1 0
lazytmux/internal/config/writer.go:108.3,108.20 1 1
lazytmux/internal/config/writer.go:108.20,111.4 2 1
lazytmux/internal/config/writer.go:111.9,113.17 2 1
lazytmux/internal/config/writer.go:113.17,115.5 1 1
lazytmux/internal/config/writer.go:120.2,121.35 2 1
lazytmux/internal/config/writer.go:121.35,122.42 1 1
lazytmux/internal/config/writer.go:122.42,123.41 1 1
lazytmux/internal/config/writer.go:123.41,125.22 2 1
lazytmux/internal/config/writer.go:126.22,127.57 1 1
lazytmux/internal/config/writer.go:128.22,129.56 1 1
lazytmux/internal/config/writer.go:130.13,131.56 1 1
lazytmux/internal/config/writer.go:133.5,133.50 1 1
lazytmux/internal/config/writer.go:139.2,141.39 3 1
lazytmux/internal/config/writer.go:141.39,142.47 1 1
lazytmux/internal/config/writer.go:142.47,144.4 1 1
lazytmux/internal/config/writer.go:146.3,146.20 1 1
lazytmux/internal/config/writer.go:146.20,147.41 1 1
lazytmux/internal/config/writer.go:147.41,148.39 1 1
lazytmux/internal/config/writer.go:148.39,149.41 1 1
lazytmux/internal/config/writer.go:149.41,151.29 2 1
lazytmux/internal/config/writer.go:151.29,154.8 1 1
lazytmux/internal/config/writer.go:162.2,165.35 2 1
lazytmux/internal/config/writer.go:165.35,168.3 2 1
lazytmux/internal/config/writer.go:171.2,171.29 1 1
lazytmux/internal/config/writer.go:171.29,172.27 1 1
lazytmux/internal/config/writer.go:172.27,174.4 1 0
lazytmux/internal/config/writer.go:175.3,175.39 1 1
lazytmux/internal/config/writer.go:175.39,178.4 2 1
lazytmux/internal/config/writer.go:182.2,182.29 1 1
lazytmux/internal/config/writer.go:182.29,184.39 2 1
lazytmux/internal/config/writer.go:184.39,187.4 2 1
lazytmux/internal/config/writer.go:191.2,191.36 1 1
lazytmux/internal/config/writer.go:191.36,193.46 2 1
lazytmux/internal/config/writer.go:193.46,196.4 2 1
lazytmux/internal/config/writer.go:200.2,201.36 2 1
lazytmux/internal/config/writer.go:201.36,202.20 1 1
lazytmux/internal/config/writer.go:202.20,204.9 2 1
lazytmux/internal/config/writer.go:208.2,208.23 1 1
lazytmux/internal/config/writer.go:208.23,209.17 1 1
lazytmux/internal/config/writer.go:209.17,212.4 2 1
lazytmux/internal/config/writer.go:212.9,216.4 3 1
lazytmux/internal/config/writer.go:220.2,221.99 2 1
lazytmux/internal/config/writer.go:221.99,224.39 3 0
lazytmux/internal/config/writer.go:224.39,227.4 2 0
lazytmux/internal/config/writer.go:228.3,228.30 1 0
lazytmux/internal/config/writer.go:228.30,230.40 2 0
lazytmux/internal/config/writer.go:230.40,233.5 2 0
lazytmux/internal/config/writer.go:235.3,235.37 1 0
lazytmux/internal/config/writer.go:235.37,237.47 2 0
lazytmux/internal/config/writer.go:237.47,240.5 2 0
lazytmux/internal/config/writer.go:242.3,242.24 1 0
lazytmux/internal/config/writer.go:242.24,245.4 2 0
lazytmux/internal/config/writer.go:246.3,246.34 1 0
lazytmux/internal/config/writer.go:250.2,250.63 1 1
lazytmux/internal/config/writer.go:254.45,255.66 1 1
lazytmux/internal/config/writer.go:255.66,257.3 1 1
lazytmux/internal/config/writer.go:258.2,258.14 1 1
lazytmux/internal/config/writer.go:262.51,264.9 2 1
lazytmux/internal/config/writer.go:264.9,266.3 1 1
lazytmux/internal/config/writer.go:268.2,268.19 1 1
lazytmux/internal/config/writer.go:269.19,270.50 1 1
lazytmux/internal/config/writer.go:271.19,272.49 1 1
lazytmux/internal/config/writer.go:273.10,274.49 1 1
lazytmux/internal/config/writer.go:279.58,280.18 1 1
lazytmux/internal/config/writer.go:281.29,283.35 1 1
lazytmux/internal/config/writer.go:283.35,285.4 1 1
lazytmux/internal/config/writer.go:287.2,287.14 1 1
lazytmux/internal/ui/config_model.go:68.47,80.2 4 1
lazytmux/internal/ui/config_model.go:83.43,85.2 1 0
lazytmux/internal/ui/config_model.go:88.56,91.2 2 0
lazytmux/internal/ui/config_model.go:94.59,96.2 1 0
lazytmux/internal/ui/config_model.go:99.62,100.42 1 0
lazytmux/internal/ui/config_model.go:100.42,102.3 1 0
lazytmux/internal/ui/config_model.go:103.2,103.26 1 0
lazytmux/internal/ui/config_model.go:107.59,109.39 2 0
lazytmux/internal/ui/config_model.go:109.39,112.3 2 0
lazytmux/internal/ui/config_model.go:113.2,113.12 1 0
lazytmux/internal/ui/config_model.go:117.62,118.21 1 0
lazytmux/internal/ui/config_model.go:118.21,120.3 1 0
lazytmux/internal/ui/config_model.go:121.2,121.11 1 0
lazytmux/internal/ui/config_model.go:125.63,126.21 1 0
lazytmux/internal/ui/config_model.go:126.21,128.3 1 0
lazytmux/internal/ui/config_model.go:132.46,133.21 1 0
lazytmux/internal/ui/config_model.go:133.21,135.3 1 0
lazytmux/internal/ui/config_model.go:136.2,136.14 1 0
lazytmux/internal/ui/config_model.go:140.56,141.21 1 0
lazytmux/internal/ui/config_model.go:141.21,142.42 1 0
lazytmux/internal/ui/config_model.go:142.42,144.4 1 0
lazytmux/internal/ui/config_model.go:146.2,146.14 1 0
lazytmux/internal/ui/config_model.go:150.46,151.24 1 0
lazytmux/internal/ui/config_model.go:151.24,153.3 1 0
lazytmux/internal/ui/config_model.go:153.8,155.3 1 0
lazytmux/internal/ui/config_model.go:159.38,160.22 1 0
lazytmux/internal/ui/config_model.go:160.22,161.25 1 0
lazytmux/internal/ui/config_model.go:161.25,163.4 1 0
lazytmux/internal/ui/config_model.go:164.8,165.27 1 0
lazytmux/internal/ui/config_model.go:165.27,168.4 2 0
lazytmux/internal/ui/config_model.go:173.40,174.22 1 0
lazytmux/internal/ui/config_model.go:174.22,176.42 2 0
lazytmux/internal/ui/config_model.go:176.42,178.4 1 0
lazytmux/internal/ui/config_model.go:179.8,180.45 1 0
lazytmux/internal/ui/config_model.go:180.45,183.4 2 0
lazytmux/internal/ui/config_model.go:188.42,197.2 8 0
lazytmux/internal/ui/config_model.go:200.59,201.37 1 0
lazytmux/internal/ui/config_model.go:201.37,204.3 2 0
lazytmux/internal/ui/config_model.go:205.2,205.12 1 0
lazytmux/internal/ui/config_model.go:209.73,211.58 2 0
lazytmux/internal/ui/config_model.go:211.58,213.3 1 0
lazytmux/internal/ui/config_model.go:214.2,215.11 2 0
lazytmux/internal/ui/config_model.go:219.62,220.21 1 0
lazytmux/internal/ui/config_model.go:220.21,222.3 1 0
lazytmux/internal/ui/config_model.go:223.2,223.14 1 0
lazytmux/internal/ui/config_model.go:227.55,228.21 1 0
lazytmux/internal/ui/config_model.go:228.21,231.3 2 0
lazytmux/internal/ui/config_model.go:235.75,236.21 1 0
lazytmux/internal/ui/config_model.go:236.21,238.3 1 0
lazytmux/internal/ui/config_model.go:239.2,239.11 1 0
lazytmux/internal/ui/config_model.go:243.76,244.21 1 0
lazytmux/internal/ui/config_model.go:244.21,246.3 1 0
lazytmux/internal/ui/config_model.go:250.45,251.29 1 0
lazytmux/internal/ui/config_model.go:251.29,252.32 1 0
lazytmux/internal/ui/config_model.go:252.32,254.4 1 0
lazytmux/internal/ui/config_model.go:255.8,256.25 1 0
lazytmux/internal/ui/config_model.go:256.25,259.4 2 0
lazytmux/internal/ui/config_model.go:264.47,265.29 1 0
lazytmux/internal/ui/config_model.go:265.29,267.60 2 0
lazytmux/internal/ui/config_model.go:267.60,269.4 1 0
lazytmux/internal/ui/config_model.go:270.8,271.40 1 0
lazytmux/internal/ui/config_model.go:271.40,274.4 2 0
lazytmux/internal/ui/config_model.go:279.41,280.31 1 0
lazytmux/internal/ui/config_model.go:280.31,282.3 1 0
lazytmux/internal/ui/config_model.go:282.8,284.3 1 0
lazytmux/internal/ui/config_update.go:27.30,28.24 1 0
lazytmux/internal/ui/config_update.go:28.24,31.3 2 0
lazytmux/internal/ui/config_update.go:35.48,36.24 1 0
lazytmux/internal/ui/config_update.go:36.24,39.3 2 0
lazytmux/internal/ui/config_update.go:43.36,44.24 1 0
lazytmux/internal/ui/config_update.go:44.24,46.3 1 0
lazytmux/internal/ui/config_update.go:50.77,51.27 1 0
lazytmux/internal/ui/config_update.go:52.18,56.31 3 0
lazytmux/internal/ui/config_update.go:58.23,59.42 1 0
lazytmux/internal/ui/config_update.go:59.42,61.4 1 0
lazytmux/internal/ui/config_update.go:62.3,62.16 1 0
lazytmux/internal/ui/config_update.go:64.22,65.21 1 0
lazytmux/internal/ui/config_update.go:65.21,68.4 2 0
lazytmux/internal/ui/config_update.go:68.9,72.23 3 0
lazytmux/internal/ui/config_update.go:72.23,74.5 1 0
lazytmux/internal/ui/config_update.go:76.3,76.16 1 0
lazytmux/internal/ui/config_update.go:78.25,81.16 3 0
lazytmux/internal/ui/config_update.go:84.2,84.15 1 0
lazytmux/internal/ui/config_update.go:87.88,89.15 1 0
lazytmux/internal/ui/config_update.go:89.15,91.3 1 0
lazytmux/internal/ui/config_update.go:94.2,94.16 1 0
lazytmux/internal/ui/config_update.go:94.16,96.3 1 0
lazytmux/internal/ui/config_update.go:99.2,99.20 1 0
lazytmux/internal/ui/config_update.go:99.20,101.3 1 0
lazytmux/internal/ui/config_update.go:104.2,104.19 1 0
lazytmux/internal/ui/config_update.go:104.19,106.3 1 0
lazytmux/internal/ui/config_update.go:109.2,109.22 1 0
lazytmux/internal/ui/config_update.go:109.22,111.3 1 0
lazytmux/internal/ui/config_update.go:114.2,114.21 1 0
lazytmux/internal/ui/config_update.go:115.18,116.41 1 0
lazytmux/internal/ui/config_update.go:117.10,118.41 1 0
lazytmux/internal/ui/config_update.go:122.98,123.22 1 0
lazytmux/internal/ui/config_update.go:124.18,125.21 1 0
lazytmux/internal/ui/config_update.go:125.21,128.4 2 0
lazytmux/internal/ui/config_update.go:129.3,129.34 1 0
lazytmux/internal/ui/config_update.go:131.19,132.15 1 0
lazytmux/internal/ui/config_update.go:134.17,135.13 1 0
lazytmux/internal/ui/config_update.go:137.19,138.23 1 0
lazytmux/internal/ui/config_update.go:138.23,140.4 1 0
lazytmux/internal/ui/config_update.go:142.20,143.24 1 0
lazytmux/internal/ui/config_update.go:143.24,145.4 1 0
lazytmux/internal/ui/config_update.go:147.15,148.24 1 0
lazytmux/internal/ui/config_update.go:148.24,150.4 1 0
lazytmux/internal/ui/config_update.go:150.9,152.4 1 0
lazytmux/internal/ui/config_update.go:154.13,156.24 2 0
lazytmux/internal/ui/config_update.go:156.24,158.4 1 0
lazytmux/internal/ui/config_update.go:160.11,162.24 1 0
lazytmux/internal/ui/config_update.go:164.21,166.40 1 0
lazytmux/internal/ui/config_update.go:166.40,168.4 1 0
lazytmux/internal/ui/config_update.go:170.11,172.24 1 0
lazytmux/internal/ui/config_update.go:174.11,176.21 1 0
lazytmux/internal/ui/config_update.go:178.11,180.27 1 0
lazytmux/internal/ui/config_update.go:182.11,184.27 1 0
lazytmux/internal/ui/config_update.go:186.11,188.27 1 0
lazytmux/internal/ui/config_update.go:191.2,191.15 1 0
lazytmux/internal/ui/config_update.go:194.98,195.22 1 0
lazytmux/internal/ui/config_update.go:196.18,197.21 1 0
lazytmux/internal/ui/config_update.go:197.21,200.4 2 0
lazytmux/internal/ui/config_update.go:201.3,201.34 1 0
lazytmux/internal/ui/config_update.go:203.19,204.22 1 0
lazytmux/internal/ui/config_update.go:206.17,207.20 1 0
lazytmux/internal/ui/config_update.go:209.19,210.30 1 0
lazytmux/internal/ui/config_update.go:210.30,212.4 1 0
lazytmux/internal/ui/config_update.go:214.20,216.67 2 0
lazytmux/internal/ui/config_update.go:216.67,218.4 1 0
lazytmux/internal/ui/config_update.go:220.13,222.67 2 0
lazytmux/internal/ui/config_update.go:222.67,224.4 1 0
lazytmux/internal/ui/config_update.go:226.20,227.30 1 0
lazytmux/internal/ui/config_update.go:227.30,229.4 1 0
lazytmux/internal/ui/config_update.go:229.9,231.4 1 0
lazytmux/internal/ui/config_update.go:233.21,235.40 1 0
lazytmux/internal/ui/config_update.go:235.40,237.4 1 0
lazytmux/internal/ui/config_update.go:239.11,241.24 1 0
lazytmux/internal/ui/config_update.go:243.11,245.21 1 0
lazytmux/internal/ui/config_update.go:247.11,249.27 1 0
lazytmux/internal/ui/config_update.go:251.11,253.27 1 0
lazytmux/internal/ui/config_update.go:255.11,257.27 1 0
lazytmux/internal/ui/config_update.go:259.11,261.26 1 0
lazytmux/internal/ui/config_update.go:264.2,264.15 1 0
lazytmux/internal/ui/config_update.go:267.79,269.14 2 0
lazytmux/internal/ui/config_update.go:269.14,271.3 1 0
lazytmux/internal/ui/config_update.go:274.2,274.76 1 0
lazytmux/internal/ui/config_update.go:274.76,277.3 1 0
lazytmux/internal/ui/config_update.go:279.2,282.32 2 0
lazytmux/internal/ui/config_update.go:282.32,283.36 1 0
lazytmux/internal/ui/config_update.go:283.36,284.40 1 0
lazytmux/internal/ui/config_update.go:284.40,285.56 1 0
lazytmux/internal/ui/config_update.go:285.56,287.6 1 0
lazytmux/internal/ui/config_update.go:293.2,293.31 1 0
lazytmux/internal/ui/config_update.go:293.31,294.34 1 0
lazytmux/internal/ui/config_update.go:294.34,295.31 1 0
lazytmux/internal/ui/config_update.go:295.31,297.5 1 0
lazytmux/internal/ui/config_update.go:301.2,301.15 1 0
lazytmux/internal/ui/config_update.go:304.85,306.44 2 0
lazytmux/internal/ui/config_update.go:306.44,308.3 1 0
lazytmux/internal/ui/config_update.go:310.2,311.20 2 0
lazytmux/internal/ui/config_update.go:311.20,313.3 1 0
lazytmux/internal/ui/config_update.go:315.2,315.22 1 0
lazytmux/internal/ui/config_update.go:316.23,320.22 3 0
lazytmux/internal/ui/config_update.go:320.22,322.4 1 0
lazytmux/internal/ui/config_update.go:323.3,323.57 1 0
lazytmux/internal/ui/config_update.go:325.25,331.42 6 0
lazytmux/internal/ui/config_update.go:331.42,332.28 1 0
lazytmux/internal/ui/config_update.go:332.28,334.10 2 0
lazytmux/internal/ui/config_update.go:338.10,344.28 6 0
lazytmux/internal/ui/config_update.go:347.2,347.15 1 0
lazytmux/internal/ui/config_update.go:350.96,351.22 1 0
lazytmux/internal/ui/config_update.go:352.32,353.27 1 0
lazytmux/internal/ui/config_update.go:355.2,355.15 1 0
lazytmux/internal/ui/config_update.go:358.72,360.16 2 0
lazytmux/internal/ui/config_update.go:360.16,362.3 1 0
lazytmux/internal/ui/config_update.go:364.2,364.18 1 0
lazytmux/internal/ui/config_update.go:365.23,366.24 1 0
lazytmux/internal/ui/config_update.go:368.25,373.38 4 0
lazytmux/internal/ui/config_update.go:373.38,374.28 1 0
lazytmux/internal/ui/config_update.go:374.28,376.10 2 0
lazytmux/internal/ui/config_update.go:380.62,385.28 5 0
lazytmux/internal/ui/config_update.go:388.2,388.15 1 0
lazytmux/internal/ui/config_update.go:391.70,393.47 2 0
lazytmux/internal/ui/config_update.go:393.47,395.3 1 0
lazytmux/internal/ui/config_update.go:397.2,399.21 3 0
lazytmux/internal/ui/config_update.go:399.21,401.3 1 0
lazytmux/internal/ui/config_update.go:402.2,404.15 2 0
lazytmux/internal/ui/config_update.go:407.95,409.35 1 0
lazytmux/internal/ui/config_update.go:409.35,412.23 2 0
lazytmux/internal/ui/config_update.go:413.20,414.39 1 0
lazytmux/internal/ui/config_update.go:414.39,416.5 1 0
lazytmux/internal/ui/config_update.go:417.18,418.26 1 0
lazytmux/internal/ui/config_update.go:418.26,420.5 1 0
lazytmux/internal/ui/config_update.go:421.21,422.37 1 0
lazytmux/internal/ui/config_update.go:422.37,424.5 1 0
lazytmux/internal/ui/config_update.go:425.4,427.28 3 0
lazytmux/internal/ui/config_update.go:428.19,431.28 3 0
lazytmux/internal/ui/config_update.go:433.3,433.16 1 0
lazytmux/internal/ui/config_update.go:437.2,438.16 2 0
lazytmux/internal/ui/config_update.go:438.16,441.3 2 0
lazytmux/internal/ui/config_update.go:443.2,443.22 1 0
lazytmux/internal/ui/config_update.go:444.19,445.42 1 0
lazytmux/internal/ui/config_update.go:445.42,447.4 1 0
lazytmux/internal/ui/config_update.go:448.17,449.25 1 0
lazytmux/internal/ui/config_update.go:449.25,451.4 1 0
lazytmux/internal/ui/config_update.go:452.20,453.40 1 0
lazytmux/internal/ui/config_update.go:453.40,455.4 1 0
lazytmux/internal/ui/config_update.go:456.3,456.21 1 0
lazytmux/internal/ui/config_update.go:457.18,458.21 1 0
lazytmux/internal/ui/config_update.go:461.2,461.15 1 0
lazytmux/internal/ui/config_update.go:464.89,465.18 1 0
lazytmux/internal/ui/config_update.go:466.20,470.36 2 0
lazytmux/internal/ui/config_update.go:470.36,472.56 1 0
lazytmux/internal/ui/config_update.go:472.56,474.19 2 0
lazytmux/internal/ui/config_update.go:474.19,477.6 1 0
lazytmux/internal/ui/config_update.go:479.4,484.17 6 0
lazytmux/internal/ui/config_update.go:488.3,488.29 1 0
lazytmux/internal/ui/config_update.go:488.29,490.49 1 0
lazytmux/internal/ui/config_update.go:490.49,492.19 2 0
lazytmux/internal/ui/config_update.go:492.19,495.6 1 0
lazytmux/internal/ui/config_update.go:496.5,496.34 1 0
lazytmux/internal/ui/config_update.go:496.34,498.6 1 0
lazytmux/internal/ui/config_update.go:498.11,498.41 1 0
lazytmux/internal/ui/config_update.go:498.41,500.6 1 0
lazytmux/internal/ui/config_update.go:503.4,503.48 1 0
lazytmux/internal/ui/config_update.go:505.3,508.16 4 0
lazytmux/internal/ui/config_update.go:510.18,516.16 6 0
lazytmux/internal/ui/config_update.go:519.2,521.15 3 0
lazytmux/internal/ui/config_update.go:524.92,525.22 1 0
lazytmux/internal/ui/config_update.go:526.16,527.22 1 0
lazytmux/internal/ui/config_update.go:527.22,529.4 1 0
lazytmux/internal/ui/config_update.go:530.3,530.25 1 0
lazytmux/internal/ui/config_update.go:531.28,532.25 1 0
lazytmux/internal/ui/config_update.go:534.2,534.15 1 0
lazytmux/internal/ui/config_update.go:537.91,538.22 1 0
lazytmux/internal/ui/config_update.go:539.16,542.22 2 0
lazytmux/internal/ui/config_update.go:542.22,544.4 1 0
lazytmux/internal/ui/config_update.go:545.3,545.34 1 0
lazytmux/internal/ui/config_update.go:546.16,549.34 2 0
lazytmux/internal/ui/config_update.go:550.23,552.24 1 0
lazytmux/internal/ui/config_update.go:554.2,554.15 1 0
lazytmux/internal/ui/config_view.go:97.42,98.18 1 0
lazytmux/internal/ui/config_view.go:98.18,100.3 1 0
lazytmux/internal/ui/config_view.go:103.2,103.16 1 0
lazytmux/internal/ui/config_view.go:103.16,105.3 1 0
lazytmux/internal/ui/config_view.go:106.2,106.20 1 0
lazytmux/internal/ui/config_view.go:106.20,108.3 1 0
lazytmux/internal/ui/config_view.go:109.2,109.19 1 0
lazytmux/internal/ui/config_view.go:109.19,111.3 1 0
lazytmux/internal/ui/config_view.go:112.2,112.15 1 0
lazytmux/internal/ui/config_view.go:112.15,114.3 1 0
lazytmux/internal/ui/config_view.go:115.2,115.22 1 0
lazytmux/internal/ui/config_view.go:115.22,117.3 1 0
lazytmux/internal/ui/config_view.go:120.2,123.27 2 0
lazytmux/internal/ui/config_view.go:123.27,125.22 2 0
lazytmux/internal/ui/config_view.go:125.22,127.4 1 0
lazytmux/internal/ui/config_view.go:127.9,129.4 1 0
lazytmux/internal/ui/config_view.go:130.3,131.75 2 0
lazytmux/internal/ui/config_view.go:134.2,142.21 5 0
lazytmux/internal/ui/config_view.go:143.18,145.44 2 0
lazytmux/internal/ui/config_view.go:146.10,148.27 2 0
lazytmux/internal/ui/config_view.go:148.27,150.4 1 0
lazytmux/internal/ui/config_view.go:151.3,161.38 5 0
lazytmux/internal/ui/config_view.go:165.2,174.3 2 0
lazytmux/internal/ui/config_view.go:177.48,180.24 3 0
lazytmux/internal/ui/config_view.go:180.24,183.3 2 0
lazytmux/internal/ui/config_view.go:185.2,186.31 2 0
lazytmux/internal/ui/config_view.go:186.31,189.3 2 0
lazytmux/internal/ui/config_view.go:189.8,192.3 2 0
lazytmux/internal/ui/config_view.go:194.2,194.97 1 0
lazytmux/internal/ui/config_view.go:197.71,199.23 2 0
lazytmux/internal/ui/config_view.go:199.23,201.3 1 0
lazytmux/internal/ui/config_view.go:203.2,205.24 3 0
lazytmux/internal/ui/config_view.go:205.24,207.3 1 0
lazytmux/internal/ui/config_view.go:208.2,211.35 3 0
lazytmux/internal/ui/config_view.go:211.35,213.25 2 0
lazytmux/internal/ui/config_view.go:213.25,215.4 1 0
lazytmux/internal/ui/config_view.go:217.3,218.28 2 0
lazytmux/internal/ui/config_view.go:218.28,220.25 2 0
lazytmux/internal/ui/config_view.go:220.25,222.5 1 0
lazytmux/internal/ui/config_view.go:222.10,224.5 1 0
lazytmux/internal/ui/config_view.go:226.3,227.28 2 0
lazytmux/internal/ui/config_view.go:230.2,233.27 1 0
lazytmux/internal/ui/config_view.go:236.68,238.22 2 0
lazytmux/internal/ui/config_view.go:238.22,240.3 1 0
lazytmux/internal/ui/config_view.go:242.2,246.24 4 0
lazytmux/internal/ui/config_view.go:246.24,248.3 1 0
lazytmux/internal/ui/config_view.go:249.2,254.20 4 0
lazytmux/internal/ui/config_view.go:254.20,256.3 1 0
lazytmux/internal/ui/config_view.go:258.2,258.34 1 0
lazytmux/internal/ui/config_view.go:258.34,262.3 3 0
lazytmux/internal/ui/config_view.go:264.2,267.27 1 0
lazytmux/internal/ui/config_view.go:270.101,273.24 2 0
lazytmux/internal/ui/config_view.go:273.24,275.3 1 0
lazytmux/internal/ui/config_view.go:278.2,278.27 1 0
lazytmux/internal/ui/config_view.go:278.27,280.3 1 0
lazytmux/internal/ui/config_view.go:283.2,290.18 5 0
lazytmux/internal/ui/config_view.go:291.23,292.20 1 0
lazytmux/internal/ui/config_view.go:292.20,295.4 2 0
lazytmux/internal/ui/config_view.go:295.9,298.4 2 0
lazytmux/internal/ui/config_view.go:299.10,301.33 2 0
lazytmux/internal/ui/config_view.go:305.2,305.16 1 0
lazytmux/internal/ui/config_view.go:305.16,308.3 2 0
lazytmux/internal/ui/config_view.go:311.2,312.17 2 0
lazytmux/internal/ui/config_view.go:312.17,314.3 1 0
lazytmux/internal/ui/config_view.go:315.2,317.14 2 0
lazytmux/internal/ui/config_view.go:317.14,319.3 1 0
lazytmux/internal/ui/config_view.go:320.2,320.20 1 0
lazytmux/internal/ui/config_view.go:323.55,325.16 2 0
lazytmux/internal/ui/config_view.go:325.16,327.3 1 0
lazytmux/internal/ui/config_view.go:329.2,333.18 4 0
lazytmux/internal/ui/config_view.go:334.23,335.41 1 0
lazytmux/internal/ui/config_view.go:336.25,338.52 2 0
lazytmux/internal/ui/config_view.go:339.25,340.69 1 0
lazytmux/internal/ui/config_view.go:343.2,346.68 3 0
lazytmux/internal/ui/config_view.go:349.51,352.31 2 0
lazytmux/internal/ui/config_view.go:352.31,353.25 1 0
lazytmux/internal/ui/config_view.go:353.25,355.4 1 0
lazytmux/internal/ui/config_view.go:355.9,357.4 1 0
lazytmux/internal/ui/config_view.go:358.8,359.25 1 0
lazytmux/internal/ui/config_view.go:359.25,361.4 1 0
lazytmux/internal/ui/config_view.go:361.9,363.4 1 0
lazytmux/internal/ui/config_view.go:366.2,366.20 1 0
lazytmux/internal/ui/config_view.go:366.20,368.25 2 0
lazytmux/internal/ui/config_view.go:368.25,370.4 1 0
lazytmux/internal/ui/config_view.go:371.3,371.59 1 0
lazytmux/internal/ui/config_view.go:374.2,374.55 1 0
lazytmux/internal/ui/config_view.go:377.56,379.16 2 0
lazytmux/internal/ui/config_view.go:379.16,381.3 1 0
lazytmux/internal/ui/config_view.go:383.2,385.24 3 0
lazytmux/internal/ui/config_view.go:385.24,387.3 1 0
lazytmux/internal/ui/config_view.go:388.2,391.37 3 0
lazytmux/internal/ui/config_view.go:391.37,393.26 2 0
lazytmux/internal/ui/config_view.go:393.26,395.4 1 0
lazytmux/internal/ui/config_view.go:396.3,397.28 2 0
lazytmux/internal/ui/config_view.go:400.2,402.24 3 0
lazytmux/internal/ui/config_view.go:402.24,404.3 1 0
lazytmux/internal/ui/config_view.go:405.2,415.3 3 0
lazytmux/internal/ui/config_view.go:418.54,420.16 2 0
lazytmux/internal/ui/config_view.go:420.16,422.3 1 0
lazytmux/internal/ui/config_view.go:424.2,426.24 3 0
lazytmux/internal/ui/config_view.go:426.24,428.3 1 0
lazytmux/internal/ui/config_view.go:429.2,441.35 6 0
lazytmux/internal/ui/config_view.go:441.35,443.25 2 0
lazytmux/internal/ui/config_view.go:443.25,445.4 1 0
lazytmux/internal/ui/config_view.go:446.3,447.28 2 0
lazytmux/internal/ui/config_view.go:450.2,451.24 2 0
lazytmux/internal/ui/config_view.go:451.24,453.3 1 0
lazytmux/internal/ui/config_view.go:454.2,464.3 3 0
lazytmux/internal/ui/config_view.go:467.62,471.24 3 0
lazytmux/internal/ui/config_view.go:471.24,473.3 1 0
lazytmux/internal/ui/config_view.go:474.2,478.24 4 0
lazytmux/internal/ui/config_view.go:478.24,480.3 1 0
lazytmux/internal/ui/config_view.go:481.2,485.24 4 0
lazytmux/internal/ui/config_view.go:485.24,487.3 1 0
lazytmux/internal/ui/config_view.go:488.2,498.3 3 0
lazytmux/internal/ui/config_view.go:501.61,505.24 3 0
lazytmux/internal/ui/config_view.go:505.24,507.3 1 0
lazytmux/internal/ui/config_view.go:508.2,512.24 4 0
lazytmux/internal/ui/config_view.go:512.24,514.3 1 0
lazytmux/internal/ui/config_view.go:515.2,519.24 4 0
lazytmux/internal/ui/config_view.go:519.24,521.3 1 0
lazytmux/internal/ui/config_view.go:522.2,532.3 3 0
lazytmux/internal/ui/config_view.go:552.68,554.26 2 0
lazytmux/internal/ui/config_view.go:554.26,556.3 1 0
lazytmux/internal/ui/config_view.go:557.2,566.3 4 0
lazytmux/internal/ui/config_view.go:569.71,571.30 2 0
lazytmux/internal/ui/config_view.go:571.30,573.3 1 0
lazytmux/internal/ui/config_view.go:575.2,577.24 3 0
lazytmux/internal/ui/config_view.go:577.24,579.3 1 0
lazytmux/internal/ui/config_view.go:580.2,583.35 3 0
lazytmux/internal/ui/config_view.go:583.35,588.14 3 0
lazytmux/internal/ui/config_view.go:588.14,590.4 1 0
lazytmux/internal/ui/config_view.go:590.9,592.4 1 0
lazytmux/internal/ui/config_view.go:595.3,598.26 2 0
lazytmux/internal/ui/config_view.go:598.26,599.32 1 0
lazytmux/internal/ui/config_view.go:599.32,601.5 1 0
lazytmux/internal/ui/config_view.go:601.10,603.5 1 0
lazytmux/internal/ui/config_view.go:604.9,604.21 1 0
lazytmux/internal/ui/config_view.go:604.21,606.4 1 0
lazytmux/internal/ui/config_view.go:606.9,608.4 1 0
lazytmux/internal/ui/config_view.go:610.3,611.28 2 0
lazytmux/internal/ui/config_view.go:614.2,617.27 1 0
lazytmux/internal/ui/config_view.go:620.74,622.29 2 0
lazytmux/internal/ui/config_view.go:622.29,624.3 1 0
lazytmux/internal/ui/config_view.go:626.2,627.14 2 0
lazytmux/internal/ui/config_view.go:627.14,629.3 1 0
lazytmux/internal/ui/config_view.go:631.2,637.24 5 0
lazytmux/internal/ui/config_view.go:637.24,639.3 1 0
lazytmux/internal/ui/config_view.go:640.2,645.24 4 0
lazytmux/internal/ui/config_view.go:645.24,647.3 1 0
lazytmux/internal/ui/config_view.go:648.2,653.24 4 0
lazytmux/internal/ui/config_view.go:653.24,655.3 1 0
lazytmux/internal/ui/config_view.go:656.2,657.24 2 0
lazytmux/internal/ui/config_view.go:657.24,659.3 1 0
lazytmux/internal/ui/config_view.go:660.2,664.25 3 0
lazytmux/internal/ui/config_view.go:664.25,666.25 2 0
lazytmux/internal/ui/config_view.go:666.25,668.4 1 0
lazytmux/internal/ui/config_view.go:669.3,670.28 2 0
lazytmux/internal/ui/config_view.go:674.2,674.54 1 0
lazytmux/internal/ui/config_view.go:674.54,676.25 2 0
lazytmux/internal/ui/config_view.go:676.25,678.4 1 0
lazytmux/internal/ui/config_view.go:679.3,682.38 3 0
lazytmux/internal/ui/config_view.go:682.38,684.26 2 0
lazytmux/internal/ui/config_view.go:684.26,686.5 1 0
lazytmux/internal/ui/config_view.go:688.4,692.24 3 0
lazytmux/internal/ui/config_view.go:693.25,694.22 1 0
lazytmux/internal/ui/config_view.go:694.22,696.6 1 0
lazytmux/internal/ui/config_view.go:696.11,698.6 1 0
lazytmux/internal/ui/config_view.go:699.12,700.21 1 0
lazytmux/internal/ui/config_view.go:703.4,705.61 2 0
lazytmux/internal/ui/config_view.go:705.61,707.5 1 0
lazytmux/internal/ui/config_view.go:707.10,709.5 1 0
lazytmux/internal/ui/config_view.go:711.4,712.29 2 0
lazytmux/internal/ui/config_view.go:716.2,719.27 1 0
lazytmux/internal/ui/config_view.go:722.61,724.14 2 0
lazytmux/internal/ui/config_view.go:724.14,726.3 1 0
lazytmux/internal/ui/config_view.go:728.2,732.19 4 0
lazytmux/internal/ui/config_view.go:732.19,734.25 2 0
lazytmux/internal/ui/config_view.go:734.25,736.4 1 0
lazytmux/internal/ui/config_view.go:737.3,737.28 1 0
lazytmux/internal/ui/config_view.go:740.2,740.68 1 0
lazytmux/internal/ui/config_view.go:743.60,747.24 3 0
lazytmux/internal/ui/config_view.go:747.24,749.3 1 0
lazytmux/internal/ui/config_view.go:750.2,753.24 3 0
lazytmux/internal/ui/config_view.go:753.24,764.3 10 0
lazytmux/internal/ui/config_view.go:764.8,775.3 10 0
lazytmux/internal/ui/config_view.go:777.2,779.24 3 0
lazytmux/internal/ui/config_view.go:779.24,781.3 1 0
lazytmux/internal/ui/config_view.go:782.2,792.3 3 0
lazytmux/internal/ui/keys.go:36.29,123.2 1 1
lazytmux/internal/ui/keys.go:126.43,128.2 1 1
lazytmux/internal/ui/keys.go:131.44,138.2 1 1
lazytmux/internal/ui/messages.go:84.46,85.24 1 0
lazytmux/internal/ui/messages.go:85.24,88.3 2 0
lazytmux/internal/ui/messages.go:91.66,97.43 3 0
lazytmux/internal/ui/messages.go:97.43,99.3 1 0
lazytmux/internal/ui/messages.go:100.2,102.23 2 0
lazytmux/internal/ui/messages.go:102.23,105.17 3 0
lazytmux/internal/ui/messages.go:105.17,107.24 2 0
lazytmux/internal/ui/messages.go:107.24,109.5 1 0
lazytmux/internal/ui/messages.go:113.2,113.19 1 0
lazytmux/internal/ui/messages.go:117.65,118.24 1 0
lazytmux/internal/ui/messages.go:118.24,120.17 2 0
lazytmux/internal/ui/messages.go:120.17,122.4 1 0
lazytmux/internal/ui/messages.go:123.3,123.39 1 0
lazytmux/internal/ui/messages.go:128.65,129.24 1 0
lazytmux/internal/ui/messages.go:129.24,131.17 2 0
lazytmux/internal/ui/messages.go:131.17,133.4 1 0
lazytmux/internal/ui/messages.go:134.3,134.39 1 0
lazytmux/internal/ui/messages.go:139.83,140.24 1 0
lazytmux/internal/ui/messages.go:140.24,142.17 2 0
lazytmux/internal/ui/messages.go:142.17,144.4 1 0
lazytmux/internal/ui/messages.go:145.3,145.76 1 0
lazytmux/internal/ui/messages.go:150.88,151.24 1 0
lazytmux/internal/ui/messages.go:151.24,153.17 2 0
lazytmux/internal/ui/messages.go:153.17,155.4 1 0
lazytmux/internal/ui/messages.go:156.3,156.78 1 0
lazytmux/internal/ui/messages.go:161.65,162.24 1 0
lazytmux/internal/ui/messages.go:162.24,164.17 2 0
lazytmux/internal/ui/messages.go:164.17,166.4 1 0
lazytmux/internal/ui/messages.go:167.3,167.40 1 0
lazytmux/internal/ui/messages.go:172.107,173.24 1 0
lazytmux/internal/ui/messages.go:173.24,175.17 2 0
lazytmux/internal/ui/messages.go:175.17,177.4 1 0
lazytmux/internal/ui/messages.go:178.3,178.77 1 0
lazytmux/internal/ui/messages.go:183.45,184.24 1 0
lazytmux/internal/ui/messages.go:184.24,186.17 2 0
lazytmux/internal/ui/messages.go:186.17,188.4 1 0
lazytmux/internal/ui/messages.go:189.3,189.23 1 0
lazytmux/internal/ui/messages.go:194.95,195.24 1 0
lazytmux/internal/ui/messages.go:195.24,197.17 2 0
lazytmux/internal/ui/messages.go:197.17,199.4 1 0
lazytmux/internal/ui/messages.go:200.3,200.90 1 0
lazytmux/internal/ui/messages.go:205.97,206.24 1 0
lazytmux/internal/ui/messages.go:206.24,208.17 2 0
lazytmux/internal/ui/messages.go:208.17,210.4 1 0
lazytmux/internal/ui/messages.go:211.3,211.91 1 0
lazytmux/internal/ui/messages.go:216.85,217.24 1 0
lazytmux/internal/ui/messages.go:217.24,225.3 2 0
lazytmux/internal/ui/model.go:72.42,87.2 5 0
lazytmux/internal/ui/model.go:90.31,92.2 1 0
lazytmux/internal/ui/model.go:95.40,97.2 1 1
lazytmux/internal/ui/model.go:100.39,102.18 1 0
lazytmux/internal/ui/model.go:102.18,102.52 1 0
lazytmux/internal/ui/model.go:103.51,103.78 1 0
lazytmux/internal/ui/styles.go:31.29,96.2 1 1
lazytmux/internal/ui/update.go:10.57,14.26 2 1
lazytmux/internal/ui/update.go:14.26,15.28 1 0
lazytmux/internal/ui/update.go:16.28,18.34 2 0
lazytmux/internal/ui/update.go:19.23,20.22 1 0
lazytmux/internal/ui/update.go:20.22,22.5 1 0
lazytmux/internal/ui/update.go:22.10,24.5 1 0
lazytmux/internal/ui/update.go:25.4,27.17 3 0
lazytmux/internal/ui/update.go:28.26,32.17 4 0
lazytmux/internal/ui/update.go:33.11,36.17 3 0
lazytmux/internal/ui/update.go:40.2,40.27 1 1
lazytmux/internal/ui/update.go:41.18,43.84 1 0
lazytmux/internal/ui/update.go:43.84,45.4 1 0
lazytmux/internal/ui/update.go:46.3,46.44 1 0
lazytmux/internal/ui/update.go:46.44,48.4 1 0
lazytmux/internal/ui/update.go:49.3,49.31 1 0
lazytmux/internal/ui/update.go:51.25,55.16 4 1
lazytmux/internal/ui/update.go:57.20,58.21 1 1
lazytmux/internal/ui/update.go:58.21,60.4 1 1
lazytmux/internal/ui/update.go:60.9,64.52 3 1
lazytmux/internal/ui/update.go:64.52,66.5 1 1
lazytmux/internal/ui/update.go:67.4,67.50 1 1
lazytmux/internal/ui/update.go:67.50,69.5 1 1
lazytmux/internal/ui/update.go:71.3,71.16 1 1
lazytmux/internal/ui/update.go:73.25,76.31 3 0
lazytmux/internal/ui/update.go:78.25,81.31 3 0
lazytmux/internal/ui/update.go:83.24,86.31 3 0
lazytmux/internal/ui/update.go:88.24,91.31 3 0
lazytmux/internal/ui/update.go:93.26,95.31 2 0
lazytmux/internal/ui/update.go:97.25,99.31 2 0
lazytmux/internal/ui/update.go:101.19,104.31 3 0
lazytmux/internal/ui/update.go:106.16,108.16 2 1
lazytmux/internal/ui/update.go:110.17,112.16 2 1
lazytmux/internal/ui/update.go:114.22,116.16 2 1
lazytmux/internal/ui/update.go:118.20,120.19 2 0
lazytmux/internal/ui/update.go:120.19,122.4 1 0
lazytmux/internal/ui/update.go:123.3,127.31 4 0
lazytmux/internal/ui/update.go:129.22,130.21 1 1
lazytmux/internal/ui/update.go:130.21,132.4 1 0
lazytmux/internal/ui/update.go:132.9,134.4 1 1
lazytmux/internal/ui/update.go:135.3,135.16 1 1
lazytmux/internal/ui/update.go:138.2,138.15 1 0
lazytmux/internal/ui/update.go:141.68,142.9 1 0
lazytmux/internal/ui/update.go:143.39,144.21 1 0
lazytmux/internal/ui/update.go:146.39,148.16 2 0
lazytmux/internal/ui/update.go:150.42,151.33 1 0
lazytmux/internal/ui/update.go:153.72,156.70 2 0
lazytmux/internal/ui/update.go:156.70,158.4 1 0
lazytmux/internal/ui/update.go:159.3,159.16 1 0
lazytmux/internal/ui/update.go:161.76,162.26 1 0
lazytmux/internal/ui/update.go:162.26,164.4 1 0
lazytmux/internal/ui/update.go:164.9,166.4 1 0
lazytmux/internal/ui/update.go:167.3,167.16 1 0
lazytmux/internal/ui/update.go:169.37,171.38 2 0
lazytmux/internal/ui/update.go:171.38,173.4 1 0
lazytmux/internal/ui/update.go:173.9,173.44 1 0
lazytmux/internal/ui/update.go:173.44,175.4 1 0
lazytmux/internal/ui/update.go:176.3,176.16 1 0
lazytmux/internal/ui/update.go:178.39,180.38 2 0
lazytmux/internal/ui/update.go:180.38,182.4 1 0
lazytmux/internal/ui/update.go:182.9,182.44 1 0
lazytmux/internal/ui/update.go:182.44,184.4 1 0
lazytmux/internal/ui/update.go:185.3,185.16 1 0
lazytmux/internal/ui/update.go:187.41,188.30 1 0
lazytmux/internal/ui/update.go:190.41,191.30 1 0
lazytmux/internal/ui/update.go:193.41,194.71 1 0
lazytmux/internal/ui/update.go:194.71,198.4 3 0
lazytmux/internal/ui/update.go:199.3,199.16 1 0
lazytmux/internal/ui/update.go:201.41,203.42 1 0
lazytmux/internal/ui/update.go:203.42,204.18 1 0
lazytmux/internal/ui/update.go:204.18,206.5 1 0
lazytmux/internal/ui/update.go:208.3,208.16 1 0
lazytmux/internal/ui/update.go:210.41,211.71 1 0
lazytmux/internal/ui/update.go:211.71,214.4 2 0
lazytmux/internal/ui/update.go:214.9,214.113 1 0
lazytmux/internal/ui/update.go:214.113,217.4 2 0
lazytmux/internal/ui/update.go:218.3,218.16 1 0
lazytmux/internal/ui/update.go:220.40,221.71 1 0
lazytmux/internal/ui/update.go:221.71,224.4 2 0
lazytmux/internal/ui/update.go:225.3,225.16 1 0
lazytmux/internal/ui/update.go:227.48,228.106 1 0
lazytmux/internal/ui/update.go:228.106,231.4 2 0
lazytmux/internal/ui/update.go:232.3,232.16 1 0
lazytmux/internal/ui/update.go:234.50,235.106 1 0
lazytmux/internal/ui/update.go:235.106,238.4 2 0
lazytmux/internal/ui/update.go:239.3,239.16 1 0
lazytmux/internal/ui/update.go:241.45,244.34 3 0
lazytmux/internal/ui/update.go:247.2,247.15 1 0
lazytmux/internal/ui/update.go:250.71,251.18 1 0
lazytmux/internal/ui/update.go:252.18,255.16 3 0
lazytmux/internal/ui/update.go:257.20,259.17 2 0
lazytmux/internal/ui/update.go:259.17,261.4 1 0
lazytmux/internal/ui/update.go:263.3,264.44 2 0
lazytmux/internal/ui/update.go:264.44,266.4 1 0
lazytmux/internal/ui/update.go:266.9,266.87 1 0
lazytmux/internal/ui/update.go:266.87,268.4 1 0
lazytmux/internal/ui/update.go:270.3,272.16 3 0
lazytmux/internal/ui/update.go:275.2,277.15 3 0
lazytmux/internal/ui/update.go:280.73,281.9 1 0
lazytmux/internal/ui/update.go:282.42,284.62 2 0
lazytmux/internal/ui/update.go:284.62,286.4 1 0
lazytmux/internal/ui/update.go:286.9,286.81 1 0
lazytmux/internal/ui/update.go:286.81,288.4 1 0
lazytmux/internal/ui/update.go:289.3,291.16 3 0
lazytmux/internal/ui/update.go:293.65,296.16 3 0
lazytmux/internal/ui/update.go:298.2,298.15 1 0
lazytmux/internal/ui/update.go:301.32,302.37 1 1
lazytmux/internal/ui/update.go:302.37,303.26 1 1
lazytmux/internal/ui/update.go:303.26,305.4 1 1
lazytmux/internal/ui/update.go:306.8,307.25 1 1
lazytmux/internal/ui/update.go:307.25,309.4 1 1
lazytmux/internal/ui/update.go:313.34,314.37 1 1
lazytmux/internal/ui/update.go:314.37,315.52 1 1
lazytmux/internal/ui/update.go:315.52,317.4 1 1
lazytmux/internal/ui/update.go:318.8,319.50 1 1
lazytmux/internal/ui/update.go:319.50,321.4 1 1
lazytmux/internal/ui/update.go:325.56,326.37 1 0
lazytmux/internal/ui/update.go:326.37,329.3 2 0
lazytmux/internal/ui/update.go:329.8,330.40 1 0
lazytmux/internal/ui/update.go:330.40,332.4 1 0
lazytmux/internal/ui/update.go:333.3,334.44 2 0
lazytmux/internal/ui/update.go:336.2,337.27 2 0
lazytmux/internal/ui/update.go:340.56,341.37 1 0
lazytmux/internal/ui/update.go:341.37,342.37 1 0
lazytmux/internal/ui/update.go:342.37,344.4 1 0
lazytmux/internal/ui/update.go:345.3,346.62 2 0
lazytmux/internal/ui/update.go:347.8,348.36 1 0
lazytmux/internal/ui/update.go:348.36,350.4 1 0
lazytmux/internal/ui/update.go:351.3,352.64 2 0
lazytmux/internal/ui/update.go:354.2,354.15 1 0
lazytmux/internal/ui/update.go:357.41,358.36 1 0
lazytmux/internal/ui/update.go:358.36,360.3 1 0
lazytmux/internal/ui/update.go:361.2,362.24 2 0
lazytmux/internal/ui/update.go:362.24,364.17 2 0
lazytmux/internal/ui/update.go:364.17,366.4 1 0
lazytmux/internal/ui/update.go:367.3,370.23 4 0
lazytmux/internal/ui/update.go:370.23,372.4 1 0
lazytmux/internal/ui/update.go:372.9,374.4 1 0
lazytmux/internal/ui/update.go:375.3,375.36 1 0
lazytmux/internal/ui/update.go:379.39,380.72 1 0
lazytmux/internal/ui/update.go:380.72,382.3 1 0
lazytmux/internal/ui/update.go:383.2,384.78 2 0
lazytmux/internal/ui/update.go:387.24,388.11 1 1
lazytmux/internal/ui/update.go:388.11,390.3 1 1
lazytmux/internal/ui/update.go:391.2,391.10 1 1
lazytmux/internal/ui/view.go:13.30,14.18 1 0
lazytmux/internal/ui/view.go:14.18,16.3 1 0
lazytmux/internal/ui/view.go:19.2,19.26 1 0
lazytmux/internal/ui/view.go:19.26,21.3 1 0
lazytmux/internal/ui/view.go:24.2,24.32 1 0
lazytmux/internal/ui/view.go:24.32,26.3 1 0
lazytmux/internal/ui/view.go:28.2,28.27 1 0
lazytmux/internal/ui/view.go:31.40,90.2 18 0
lazytmux/internal/ui/view.go:92.62,94.37 2 0
lazytmux/internal/ui/view.go:94.37,96.3 1 0
lazytmux/internal/ui/view.go:98.2,101.36 3 0
lazytmux/internal/ui/view.go:101.36,103.3 1 0
lazytmux/internal/ui/view.go:103.8,104.48 1 0
lazytmux/internal/ui/view.go:104.48,106.63 2 0
lazytmux/internal/ui/view.go:106.63,108.5 1 0
lazytmux/internal/ui/view.go:108.10,108.31 1 0
lazytmux/internal/ui/view.go:108.31,110.5 1 0
lazytmux/internal/ui/view.go:110.10,112.5 1 0
lazytmux/internal/ui/view.go:113.4,113.29 1 0
lazytmux/internal/ui/view.go:117.2,122.23 2 0
lazytmux/internal/ui/view.go:125.57,127.16 2 0
lazytmux/internal/ui/view.go:127.16,129.3 1 0
lazytmux/internal/ui/view.go:130.2,130.64 1 0
lazytmux/internal/ui/view.go:133.61,135.36 2 0
lazytmux/internal/ui/view.go:135.36,137.3 1 0
lazytmux/internal/ui/view.go:139.2,142.39 3 0
lazytmux/internal/ui/view.go:142.39,144.3 1 0
lazytmux/internal/ui/view.go:144.8,144.42 1 0
lazytmux/internal/ui/view.go:144.42,146.3 1 0
lazytmux/internal/ui/view.go:146.8,147.46 1 0
lazytmux/internal/ui/view.go:147.46,149.61 2 0
lazytmux/internal/ui/view.go:149.61,151.5 1 0
lazytmux/internal/ui/view.go:151.10,151.28 1 0
lazytmux/internal/ui/view.go:151.28,153.5 1 0
lazytmux/internal/ui/view.go:153.10,155.5 1 0
lazytmux/internal/ui/view.go:156.4,156.29 1 0
lazytmux/internal/ui/view.go:160.2,165.23 2 0
lazytmux/internal/ui/view.go:168.55,170.14 2 0
lazytmux/internal/ui/view.go:170.14,172.3 1 0
lazytmux/internal/ui/view.go:173.2,173.81 1 0
lazytmux/internal/ui/view.go:176.58,183.70 4 0
lazytmux/internal/ui/view.go:183.70,189.3 5 0
lazytmux/internal/ui/view.go:189.8,189.75 1 0
lazytmux/internal/ui/view.go:189.75,195.40 6 0
lazytmux/internal/ui/view.go:195.40,197.4 1 0
lazytmux/internal/ui/view.go:199.3,199.30 1 0
lazytmux/internal/ui/view.go:199.30,203.4 3 0
lazytmux/internal/ui/view.go:204.8,206.3 1 0
lazytmux/internal/ui/view.go:208.2,213.23 2 0
lazytmux/internal/ui/view.go:217.71,218.30 1 0
lazytmux/internal/ui/view.go:218.30,220.3 1 0
lazytmux/internal/ui/view.go:223.2,224.35 2 0
lazytmux/internal/ui/view.go:224.35,227.25 3 0
lazytmux/internal/ui/view.go:227.25,229.4 1 0
lazytmux/internal/ui/view.go:230.3,230.27 1 0
lazytmux/internal/ui/view.go:230.27,232.4 1 0
lazytmux/internal/ui/view.go:235.2,235.41 1 0
lazytmux/internal/ui/view.go:235.41,237.3 1 0
lazytmux/internal/ui/view.go:240.2,240.22 1 0
lazytmux/internal/ui/view.go:240.22,242.3 1 0
lazytmux/internal/ui/view.go:243.2,243.22 1 0
lazytmux/internal/ui/view.go:243.22,245.3 1 0
lazytmux/internal/ui/view.go:248.2,249.22 2 0
lazytmux/internal/ui/view.go:249.22,251.26 2 0
lazytmux/internal/ui/view.go:251.26,253.4 1 0
lazytmux/internal/ui/view.go:257.2,257.38 1 0
lazytmux/internal/ui/view.go:257.38,265.15 5 0
lazytmux/internal/ui/view.go:265.15,267.4 1 0
lazytmux/internal/ui/view.go:268.3,268.15 1 0
lazytmux/internal/ui/view.go:268.15,270.4 1 0
lazytmux/internal/ui/view.go:273.3,273.24 1 0
lazytmux/internal/ui/view.go:273.24,275.4 1 0
lazytmux/internal/ui/view.go:276.3,276.25 1 0
lazytmux/internal/ui/view.go:276.25,278.4 1 0
lazytmux/internal/ui/view.go:281.3,281.29 1 0
lazytmux/internal/ui/view.go:281.29,282.25 1 0
lazytmux/internal/ui/view.go:282.25,284.5 1 0
lazytmux/internal/ui/view.go:285.4,285.25 1 0
lazytmux/internal/ui/view.go:285.25,287.5 1 0
lazytmux/internal/ui/view.go:289.3,289.29 1 0
lazytmux/internal/ui/view.go:289.29,290.24 1 0
lazytmux/internal/ui/view.go:290.24,292.5 1 0
lazytmux/internal/ui/view.go:293.4,293.24 1 0
lazytmux/internal/ui/view.go:293.24,295.5 1 0
lazytmux/internal/ui/view.go:299.3,299.44 1 0
lazytmux/internal/ui/view.go:299.44,301.4 1 0
lazytmux/internal/ui/view.go:302.3,302.44 1 0
lazytmux/internal/ui/view.go:302.44,304.4 1 0
lazytmux/internal/ui/view.go:305.3,305.44 1 0
lazytmux/internal/ui/view.go:305.44,307.4 1 0
lazytmux/internal/ui/view.go:308.3,308.44 1 0
lazytmux/internal/ui/view.go:308.44,310.4 1 0
lazytmux/internal/ui/view.go:313.3,315.67 3 0
lazytmux/internal/ui/view.go:315.67,317.19 2 0
lazytmux/internal/ui/view.go:317.19,319.5 1 0
lazytmux/internal/ui/view.go:320.4,320.29 1 0
lazytmux/internal/ui/view.go:320.29,321.50 1 0
lazytmux/internal/ui/view.go:321.50,323.6 1 0
lazytmux/internal/ui/view.go:329.2,329.36 1 0
lazytmux/internal/ui/view.go:329.36,330.36 1 0
lazytmux/internal/ui/view.go:330.36,338.124 6 0
lazytmux/internal/ui/view.go:338.124,339.51 1 0
lazytmux/internal/ui/view.go:339.51,341.6 1 0
lazytmux/internal/ui/view.go:341.11,341.47 1 0
lazytmux/internal/ui/view.go:341.47,343.6 1 0
lazytmux/internal/ui/view.go:343.11,343.46 1 0
lazytmux/internal/ui/view.go:343.46,345.6 1 0
lazytmux/internal/ui/view.go:345.11,345.48 1 0
lazytmux/internal/ui/view.go:345.48,347.6 1 0
lazytmux/internal/ui/view.go:347.11,347.45 1 0
lazytmux/internal/ui/view.go:347.45,349.6 1 0
lazytmux/internal/ui/view.go:355.2,356.27 2 0
lazytmux/internal/ui/view.go:356.27,359.3 2 0
lazytmux/internal/ui/view.go:361.2,361.24 1 0
lazytmux/internal/ui/view.go:364.58,377.2 5 0
lazytmux/internal/ui/view.go:379.41,381.24 2 0
lazytmux/internal/ui/view.go:381.24,383.3 1 0
lazytmux/internal/ui/view.go:383.8,383.34 1 0
lazytmux/internal/ui/view.go:383.34,385.3 1 0
lazytmux/internal/ui/view.go:385.8,386.32 1 0
lazytmux/internal/ui/view.go:386.32,388.4 1 0
lazytmux/internal/ui/view.go:388.9,390.4 1 0
lazytmux/internal/ui/view.go:393.2,393.54 1 0
lazytmux/internal/ui/view.go:396.36,397.16 1 0
lazytmux/internal/ui/view.go:397.16,399.3 1 0
lazytmux/internal/ui/view.go:400.2,400.164 1 0
lazytmux/internal/ui/view.go:403.42,407.24 2 0
lazytmux/internal/ui/view.go:408.27,411.61 1 0
lazytmux/internal/ui/view.go:413.26,416.61 1 0
lazytmux/internal/ui/view.go:418.27,420.38 2 0
lazytmux/internal/ui/view.go:420.38,422.4 1 0
lazytmux/internal/ui/view.go:422.9,424.4 1 0
lazytmux/internal/ui/view.go:425.3,427.57 1 0
lazytmux/internal/ui/view.go:430.2,441.3 2 0
